<?xml version="1.0" encoding="UTF-8"?>
<!-- Generated by org.testng.reporters.JUnitReportReporter -->
<testsuite hostname="LAPTOP-TMQKKRA2" failures="0" tests="1" name="com.actiTime.timeTrack.Demo" time="0.014" errors="0" timestamp="2020-08-07T23:53:11 IST" skipped="0">
  <testcase classname="com.actiTime.timeTrack.Demo" name="run" time="0.014"/>
  <system-out>
success  </system-out>
</testsuite> <!-- com.actiTime.timeTrack.Demo -->
