<?xml version="1.0" encoding="UTF-8"?>
<!-- Generated by org.testng.reporters.JUnitReportReporter -->
<testsuite hostname="LAPTOP-TMQKKRA2" failures="0" tests="1" name="com.actitime.timetrack.Demo" time="0.017" errors="0" timestamp="2020-08-06T18:58:01 IST" skipped="0">
  <testcase classname="com.actitime.timetrack.Demo" name="run" time="0.017"/>
  <system-out>
success  </system-out>
</testsuite> <!-- com.actitime.timetrack.Demo -->
